<?xml version="1.0" encoding="UTF-8"?>
<!-- Generated by org.testng.reporters.JUnitReportReporter -->
<testsuite hostname="LAPTOP-HRL9OCDL" failures="0" tests="2" name="makeMyTrip_web.Logo_Validation" time="22.228" errors="0" timestamp="2023-10-02T17:43:42 IST" skipped="1">
  <testcase classname="makeMyTrip_web.Logo_Validation" name="findflights" time="22.228"/>
  <system-out/>
  <testcase classname="makeMyTrip_web.Logo_Validation" name="logoValidation">
    <skipped/>
  </testcase> <!-- logoValidation -->
  <system-out/>
</testsuite> <!-- makeMyTrip_web.Logo_Validation -->
